0 info it worked if it ends with ok
1 verbose cli [ 'C:\\Program Files\\nodejs\\node.exe',
1 verbose cli   'C:\\Users\\Administrator\\AppData\\Roaming\\npm\\node_modules\\npm\\bin\\npm-cli.js',
1 verbose cli   'publish' ]
2 info using npm@3.5.2
3 info using node@v4.3.1
4 verbose publish [ '.' ]
5 silly cache add args [ '.', null ]
6 verbose cache add spec .
7 silly cache add parsed spec Result {
7 silly cache add   raw: '.',
7 silly cache add   scope: null,
7 silly cache add   name: null,
7 silly cache add   rawSpec: '.',
7 silly cache add   spec: 'D:\\develop\\node\\somepackage',
7 silly cache add   type: 'directory' }
8 verbose addLocalDirectory C:\Users\Administrator\AppData\Roaming\npm-cache\eragonJiangModule\1.0.0\package.tgz not in flight; packing
9 info lifecycle eragonJiangModule@1.0.0~prepublish: eragonJiangModule@1.0.0
10 silly lifecycle eragonJiangModule@1.0.0~prepublish: no script for prepublish, continuing
11 verbose tar pack [ 'C:\\Users\\Administrator\\AppData\\Roaming\\npm-cache\\eragonJiangModule\\1.0.0\\package.tgz',
11 verbose tar pack   'D:\\develop\\node\\somepackage' ]
12 verbose tarball C:\Users\Administrator\AppData\Roaming\npm-cache\eragonJiangModule\1.0.0\package.tgz
13 verbose folder D:\develop\node\somepackage
14 verbose addLocalTarball adding from inside cache C:\Users\Administrator\AppData\Roaming\npm-cache\eragonJiangModule\1.0.0\package.tgz
15 silly cache afterAdd eragonJiangModule@1.0.0
16 verbose afterAdd C:\Users\Administrator\AppData\Roaming\npm-cache\eragonJiangModule\1.0.0\package\package.json not in flight; writing
17 verbose afterAdd C:\Users\Administrator\AppData\Roaming\npm-cache\eragonJiangModule\1.0.0\package\package.json written
18 silly publish { name: 'eragonJiangModule',
18 silly publish   version: '1.0.0',
18 silly publish   description: 'test-package',
18 silly publish   main: './libs/interface.js',
18 silly publish   scripts: { test: 'echo "Error: no test specified" && exit 1' },
18 silly publish   author: { name: 'jianghuan' },
18 silly publish   license: 'MIT',
18 silly publish   readme: 'ERROR: No README data found!',
18 silly publish   _id: 'eragonJiangModule@1.0.0',
18 silly publish   _shasum: 'cf9518d030ff78006527f085e886a0f0d3f5c693',
18 silly publish   _from: '.' }
19 verbose getPublishConfig undefined
20 silly mapToRegistry name eragonJiangModule
21 silly mapToRegistry using default registry
22 silly mapToRegistry registry http://registry.npmjs.org/
23 silly mapToRegistry uri http://registry.npmjs.org/eragonJiangModule
24 verbose publish registryBase http://registry.npmjs.org/
25 silly publish uploading C:\Users\Administrator\AppData\Roaming\npm-cache\eragonJiangModule\1.0.0\package.tgz
26 verbose request uri http://registry.npmjs.org/eragonJiangModule
27 verbose request sending authorization for write operation
28 info attempt registry request try #1 at 14:32:56
29 verbose request using bearer token for auth
30 verbose request id 38240fb505d7f123
31 http request PUT http://registry.npmjs.org/eragonJiangModule
32 http 400 http://registry.npmjs.org/eragonJiangModule
33 verbose headers { 'content-type': 'application/json',
33 verbose headers   'cache-control': 'max-age=300',
33 verbose headers   'content-length': '54',
33 verbose headers   'accept-ranges': 'bytes',
33 verbose headers   date: 'Wed, 24 Feb 2016 06:33:07 GMT',
33 verbose headers   via: '1.1 varnish',
33 verbose headers   connection: 'keep-alive',
33 verbose headers   'x-served-by': 'cache-ams4144-AMS',
33 verbose headers   'x-cache': 'MISS',
33 verbose headers   'x-cache-hits': '0',
33 verbose headers   'x-timer': 'S1456295586.284221,VS0,VE944' }
34 verbose request invalidating C:\Users\Administrator\AppData\Roaming\npm-cache\registry.npmjs.org\eragonJiangModule on PUT
35 error publish Failed PUT 400
36 verbose stack Error: name can no longer contain capital letters : eragonJiangModule
36 verbose stack     at makeError (C:\Users\Administrator\AppData\Roaming\npm\node_modules\npm\node_modules\npm-registry-client\lib\request.js:264:12)
36 verbose stack     at CachingRegistryClient.<anonymous> (C:\Users\Administrator\AppData\Roaming\npm\node_modules\npm\node_modules\npm-registry-client\lib\request.js:252:14)
36 verbose stack     at Request._callback (C:\Users\Administrator\AppData\Roaming\npm\node_modules\npm\node_modules\npm-registry-client\lib\request.js:172:14)
36 verbose stack     at Request.self.callback (C:\Users\Administrator\AppData\Roaming\npm\node_modules\npm\node_modules\request\request.js:198:22)
36 verbose stack     at emitTwo (events.js:87:13)
36 verbose stack     at Request.emit (events.js:172:7)
36 verbose stack     at Request.<anonymous> (C:\Users\Administrator\AppData\Roaming\npm\node_modules\npm\node_modules\request\request.js:1082:10)
36 verbose stack     at emitOne (events.js:82:20)
36 verbose stack     at Request.emit (events.js:169:7)
36 verbose stack     at IncomingMessage.<anonymous> (C:\Users\Administrator\AppData\Roaming\npm\node_modules\npm\node_modules\request\request.js:1009:12)
37 verbose statusCode 400
38 verbose pkgid eragonJiangModule
39 verbose cwd D:\develop\node\somepackage
40 error Windows_NT 6.1.7601
41 error argv "C:\\Program Files\\nodejs\\node.exe" "C:\\Users\\Administrator\\AppData\\Roaming\\npm\\node_modules\\npm\\bin\\npm-cli.js" "publish"
42 error node v4.3.1
43 error npm  v3.5.2
44 error code E400
45 error name can no longer contain capital letters : eragonJiangModule
46 error If you need help, you may report this error at:
46 error     <https://github.com/npm/npm/issues>
47 verbose exit [ 1, true ]
